<?xml version="1.0" encoding="UTF-8"?>
<!-- Generated by org.testng.reporters.JUnitReportReporter -->
<testsuite hostname="DESKTOP-FBNAVJ9" failures="0" tests="1" name="testcase.edittest" time="15.561" errors="0" timestamp="21 Dec 2022 11:40:36 GMT" skipped="0">
  <testcase classname="testcase.edittest" name="Editpage" time="15.561"/>
</testsuite> <!-- testcase.edittest -->
