<?xml version="1.0" encoding="UTF-8"?>
<!-- Generated by org.testng.reporters.JUnitReportReporter -->
<testsuite hostname="DESKTOP-FBNAVJ9" failures="0" tests="1" name="testcase.Deletetest" time="11.392" errors="0" timestamp="22 Dec 2022 11:47:34 GMT" skipped="0">
  <testcase classname="testcase.Deletetest" name="deletepage" time="11.392"/>
</testsuite> <!-- testcase.Deletetest -->
